c:\users\chris\source\repos\card game\card game\debug\vc142.pdb
c:\users\chris\source\repos\card game\card game\debug\vc142.idb
c:\users\chris\source\repos\card game\card game\debug\player.obj
c:\users\chris\source\repos\card game\card game\debug\game.obj
c:\users\chris\source\repos\card game\card game\debug\deck.obj
c:\users\chris\source\repos\card game\card game\debug\dealer.obj
c:\users\chris\source\repos\card game\card game\debug\card.obj
c:\users\chris\source\repos\card game\card game\debug\card game.obj
c:\users\chris\source\repos\card game\card game\debug\hand.obj
c:\users\chris\source\repos\card game\debug\card game.pdb
c:\users\chris\source\repos\card game\card game\debug\card game.tlog\cl.command.1.tlog
c:\users\chris\source\repos\card game\card game\debug\card game.tlog\cl.read.1.tlog
c:\users\chris\source\repos\card game\card game\debug\card game.tlog\cl.write.1.tlog
c:\users\chris\source\repos\card game\card game\debug\card game.tlog\link-cvtres.read.1.tlog
c:\users\chris\source\repos\card game\card game\debug\card game.tlog\link-cvtres.write.1.tlog
c:\users\chris\source\repos\card game\card game\debug\card game.tlog\link-rc.read.1.tlog
c:\users\chris\source\repos\card game\card game\debug\card game.tlog\link-rc.write.1.tlog
c:\users\chris\source\repos\card game\card game\debug\card game.tlog\link.76368-cvtres.read.1.tlog
c:\users\chris\source\repos\card game\card game\debug\card game.tlog\link.76368-cvtres.write.1.tlog
c:\users\chris\source\repos\card game\card game\debug\card game.tlog\link.76368-rc.read.1.tlog
c:\users\chris\source\repos\card game\card game\debug\card game.tlog\link.76368-rc.write.1.tlog
c:\users\chris\source\repos\card game\card game\debug\card game.tlog\link.76368.read.1.tlog
c:\users\chris\source\repos\card game\card game\debug\card game.tlog\link.76368.write.1.tlog
c:\users\chris\source\repos\card game\card game\debug\card game.tlog\link.command.1.tlog
c:\users\chris\source\repos\card game\card game\debug\card game.tlog\link.read.1.tlog
c:\users\chris\source\repos\card game\card game\debug\card game.tlog\link.write.1.tlog
